 
****************************************
Report : area
Design : write_manager
Version: K-2015.06
Date   : Sun Apr 17 10:55:50 2022
****************************************

Library(s) Used:

    scmetro_tsmc_cl013g_rvt_ss_1p08v_125c (File: /home/IC/tsmc_fb_cl013g_sc/aci/sc-m/synopsys/scmetro_tsmc_cl013g_rvt_ss_1p08v_125c.db)

Number of ports:                          190
Number of nets:                           637
Number of cells:                          474
Number of combinational cells:            408
Number of sequential cells:                63
Number of macros/black boxes:               0
Number of buf/inv:                         95
Number of references:                       3

Combinational area:               3427.727142
Buf/Inv area:                      575.406309
Noncombinational area:            1672.090689
Macro/Black Box area:                0.000000
Net Interconnect area:          165480.824341

Total cell area:                  5099.817831
Total area:                     170580.642172
1
