 
****************************************
Report : area
Design : FREQUENCY_RATIO
Version: K-2015.06
Date   : Wed Apr 20 23:24:53 2022
****************************************

Library(s) Used:

    scmetro_tsmc_cl013g_rvt_ss_1p08v_125c (File: /home/IC/tsmc_fb_cl013g_sc/aci/sc-m/synopsys/scmetro_tsmc_cl013g_rvt_ss_1p08v_125c.db)

Number of ports:                          145
Number of nets:                           410
Number of cells:                          293
Number of combinational cells:            263
Number of sequential cells:                30
Number of macros/black boxes:               0
Number of buf/inv:                         86
Number of references:                      67

Combinational area:               3804.271110
Buf/Inv area:                      924.886186
Noncombinational area:             898.998800
Macro/Black Box area:                0.000000
Net Interconnect area:           92120.464905

Total cell area:                  4703.269910
Total area:                      96823.734815
1
