 
****************************************
Report : area
Design : COMMAND_ADDRESS
Version: K-2015.06
Date   : Tue Apr 12 19:20:45 2022
****************************************

Library(s) Used:

    scmetro_tsmc_cl013g_rvt_ss_1p08v_125c (File: /home/IC/tsmc_fb_cl013g_sc/aci/sc-m/synopsys/scmetro_tsmc_cl013g_rvt_ss_1p08v_125c.db)

Number of ports:                           52
Number of nets:                           237
Number of cells:                          216
Number of combinational cells:            162
Number of sequential cells:                54
Number of macros/black boxes:               0
Number of buf/inv:                         52
Number of references:                      77

Combinational area:               1435.574018
Buf/Inv area:                      364.776999
Noncombinational area:            1481.465288
Macro/Black Box area:                0.000000
Net Interconnect area:           79660.391449

Total cell area:                  2917.039306
Total area:                      82577.430755
1
