 
****************************************
Report : area
Design : COMMAND_ADDRESS
Version: K-2015.06
Date   : Mon Apr 11 15:47:37 2022
****************************************

Library(s) Used:

    scmetro_tsmc_cl013g_rvt_ss_1p08v_125c (File: /home/IC/tsmc_fb_cl013g_sc/aci/sc-m/synopsys/scmetro_tsmc_cl013g_rvt_ss_1p08v_125c.db)

Number of ports:                           53
Number of nets:                           231
Number of cells:                          211
Number of combinational cells:            152
Number of sequential cells:                59
Number of macros/black boxes:               0
Number of buf/inv:                         46
Number of references:                      71

Combinational area:               1362.618621
Buf/Inv area:                      313.002204
Noncombinational area:            1607.372194
Macro/Black Box area:                0.000000
Net Interconnect area:           79660.390564

Total cell area:                  2969.990815
Total area:                      82630.381379
1
