 
****************************************
Report : area
Design : crc
Version: K-2015.06
Date   : Sun Apr 17 11:17:52 2022
****************************************

Library(s) Used:

    scmetro_tsmc_cl013g_rvt_ss_1p08v_125c (File: /home/IC/tsmc_fb_cl013g_sc/aci/sc-m/synopsys/scmetro_tsmc_cl013g_rvt_ss_1p08v_125c.db)

Number of ports:                          143
Number of nets:                          1091
Number of cells:                          960
Number of combinational cells:            872
Number of sequential cells:                84
Number of macros/black boxes:               0
Number of buf/inv:                        142
Number of references:                       4

Combinational area:              10006.656893
Buf/Inv area:                      673.072415
Noncombinational area:            2059.224972
Macro/Black Box area:                0.000000
Net Interconnect area:          339921.717438

Total cell area:                 12065.881864
Total area:                     351987.599302
1
